Using pre-set license
Built from '2021.3/staging' branch; Version is '2021.3.21f1 (1b156197d683) revision 1774945'; Using compiler version '192829333'; Build Type 'Release'
OS: 'Windows 10  (10.0.19045) 64bit Core' Language: 'en' Physical Memory: 15774 MB
BatchMode: 1, IsHumanControllingUs: 0, StartBugReporterOnCrash: 0, Is64bit: 1, IsPro: 1

COMMAND LINE ARGUMENTS:
C:\Program Files\Unity\Hub\Editor\2021.3.21f1\Editor\Unity.exe
-adb2
-batchMode
-noUpm
-name
AssetImportWorker8
-projectPath
C:/Users/trey/Documents/Unity/2d movement
-logFile
Logs/AssetImportWorker8.log
-srvPort
61440
Successfully changed project path to: C:/Users/trey/Documents/Unity/2d movement
C:/Users/trey/Documents/Unity/2d movement
[UnityMemory] Configuration Parameters - Can be set up in boot.config
    "memorysetup-bucket-allocator-granularity=16"
    "memorysetup-bucket-allocator-bucket-count=8"
    "memorysetup-bucket-allocator-block-size=33554432"
    "memorysetup-bucket-allocator-block-count=8"
    "memorysetup-main-allocator-block-size=16777216"
    "memorysetup-thread-allocator-block-size=16777216"
    "memorysetup-gfx-main-allocator-block-size=16777216"
    "memorysetup-gfx-thread-allocator-block-size=16777216"
    "memorysetup-cache-allocator-block-size=4194304"
    "memorysetup-typetree-allocator-block-size=2097152"
    "memorysetup-profiler-bucket-allocator-granularity=16"
    "memorysetup-profiler-bucket-allocator-bucket-count=8"
    "memorysetup-profiler-bucket-allocator-block-size=33554432"
    "memorysetup-profiler-bucket-allocator-block-count=8"
    "memorysetup-profiler-allocator-block-size=16777216"
    "memorysetup-profiler-editor-allocator-block-size=1048576"
    "memorysetup-temp-allocator-size-main=16777216"
    "memorysetup-job-temp-allocator-block-size=2097152"
    "memorysetup-job-temp-allocator-block-size-background=1048576"
    "memorysetup-job-temp-allocator-reduction-small-platforms=262144"
    "memorysetup-temp-allocator-size-background-worker=32768"
    "memorysetup-temp-allocator-size-job-worker=262144"
    "memorysetup-temp-allocator-size-preload-manager=33554432"
    "memorysetup-temp-allocator-size-nav-mesh-worker=65536"
    "memorysetup-temp-allocator-size-audio-worker=65536"
    "memorysetup-temp-allocator-size-cloud-worker=32768"
    "memorysetup-temp-allocator-size-gi-baking-worker=262144"
    "memorysetup-temp-allocator-size-gfx=262144"
Player connection [35032] Host "[IP] 172.24.160.1 [Port] 0 [Flags] 2 [Guid] 633706740 [EditorId] 633706740 [Version] 1048832 [Id] WindowsEditor(7,LAPTOP-HB7UM97H) [Debug] 1 [PackageName] WindowsEditor [ProjectName] Editor" joined multi-casting on [225.0.0.222:54997]...

Player connection [35032] Host "[IP] 172.24.160.1 [Port] 0 [Flags] 2 [Guid] 633706740 [EditorId] 633706740 [Version] 1048832 [Id] WindowsEditor(7,LAPTOP-HB7UM97H) [Debug] 1 [PackageName] WindowsEditor [ProjectName] Editor" joined alternative multi-casting on [225.0.0.222:34997]...

Refreshing native plugins compatible for Editor in 113.54 ms, found 4 plugins.
Preloading 0 native plugins for Editor in 0.00 ms.
Initialize engine version: 2021.3.21f1 (1b156197d683)
[Subsystems] Discovering subsystems at path C:/Program Files/Unity/Hub/Editor/2021.3.21f1/Editor/Data/Resources/UnitySubsystems
[Subsystems] Discovering subsystems at path C:/Users/trey/Documents/Unity/2d movement/Assets
GfxDevice: creating device client; threaded=0; jobified=0
Direct3D:
    Version:  Direct3D 11.0 [level 11.1]
    Renderer: NVIDIA GeForce RTX 3070 Laptop GPU (ID=0x249d)
    Vendor:   NVIDIA
    VRAM:     8044 MB
    Driver:   31.0.15.1694
Initialize mono
Mono path[0] = 'C:/Program Files/Unity/Hub/Editor/2021.3.21f1/Editor/Data/Managed'
Mono path[1] = 'C:/Program Files/Unity/Hub/Editor/2021.3.21f1/Editor/Data/MonoBleedingEdge/lib/mono/unityjit-win32'
Mono config path = 'C:/Program Files/Unity/Hub/Editor/2021.3.21f1/Editor/Data/MonoBleedingEdge/etc'
Using monoOptions --debugger-agent=transport=dt_socket,embedding=1,server=y,suspend=n,address=127.0.0.1:56168
Begin MonoManager ReloadAssembly
Registering precompiled unity dll's ...
Register platform support module: C:/Program Files/Unity/Hub/Editor/2021.3.21f1/Editor/Data/PlaybackEngines/WebGLSupport/UnityEditor.WebGL.Extensions.dll
Register platform support module: C:/Program Files/Unity/Hub/Editor/2021.3.21f1/Editor/Data/PlaybackEngines/WindowsStandaloneSupport/UnityEditor.WindowsStandalone.Extensions.dll
Registered in 0.009819 seconds.
Native extension for WindowsStandalone target not found
Native extension for WebGL target not found
Refreshing native plugins compatible for Editor in 123.46 ms, found 4 plugins.
Preloading 0 native plugins for Editor in 0.00 ms.
Mono: successfully reloaded assembly
- Completed reload, in  0.713 seconds
Domain Reload Profiling:
	ReloadAssembly (714ms)
		BeginReloadAssembly (88ms)
			ExecutionOrderSort (0ms)
			DisableScriptedObjects (0ms)
			BackupInstance (0ms)
			ReleaseScriptingObjects (0ms)
			CreateAndSetChildDomain (1ms)
		EndReloadAssembly (527ms)
			LoadAssemblies (85ms)
			RebuildTransferFunctionScriptingTraits (0ms)
			SetupTypeCache (107ms)
			ReleaseScriptCaches (0ms)
			RebuildScriptCaches (27ms)
			SetupLoadedEditorAssemblies (336ms)
				LogAssemblyErrors (0ms)
				InitializePlatformSupportModulesInManaged (12ms)
				SetLoadedEditorAssemblies (0ms)
				RefreshPlugins (124ms)
				BeforeProcessingInitializeOnLoad (1ms)
				ProcessInitializeOnLoadAttributes (151ms)
				ProcessInitializeOnLoadMethodAttributes (48ms)
				AfterProcessingInitializeOnLoad (0ms)
				EditorAssembliesLoaded (0ms)
			ExecutionOrderSort2 (0ms)
			AwakeInstancesAfterBackupRestoration (0ms)
Platform modules already initialized, skipping
Registering precompiled user dll's ...
Registered in 0.008841 seconds.
Begin MonoManager ReloadAssembly
Symbol file LoadedFromMemory doesn't match image C:\Users\trey\Documents\Unity\2d movement\Library\PackageCache\com.unity.visualscripting@1.8.0\Editor\VisualScripting.Core\Dependencies\YamlDotNet\Unity.VisualScripting.YamlDotNet.dll
Symbol file LoadedFromMemory doesn't match image C:\Users\trey\Documents\Unity\2d movement\Library\PackageCache\com.unity.visualscripting@1.8.0\Editor\VisualScripting.Core\Dependencies\DotNetZip\Unity.VisualScripting.IonicZip.dll
Native extension for WindowsStandalone target not found
Native extension for WebGL target not found
Refreshing native plugins compatible for Editor in 126.44 ms, found 4 plugins.
Preloading 0 native plugins for Editor in 0.00 ms.
Mono: successfully reloaded assembly
- Completed reload, in  1.484 seconds
Domain Reload Profiling:
	ReloadAssembly (1484ms)
		BeginReloadAssembly (133ms)
			ExecutionOrderSort (0ms)
			DisableScriptedObjects (6ms)
			BackupInstance (0ms)
			ReleaseScriptingObjects (0ms)
			CreateAndSetChildDomain (24ms)
		EndReloadAssembly (1239ms)
			LoadAssemblies (157ms)
			RebuildTransferFunctionScriptingTraits (0ms)
			SetupTypeCache (279ms)
			ReleaseScriptCaches (1ms)
			RebuildScriptCaches (71ms)
			SetupLoadedEditorAssemblies (708ms)
				LogAssemblyErrors (0ms)
				InitializePlatformSupportModulesInManaged (7ms)
				SetLoadedEditorAssemblies (0ms)
				RefreshPlugins (127ms)
				BeforeProcessingInitializeOnLoad (141ms)
				ProcessInitializeOnLoadAttributes (331ms)
				ProcessInitializeOnLoadMethodAttributes (91ms)
				AfterProcessingInitializeOnLoad (11ms)
				EditorAssembliesLoaded (0ms)
			ExecutionOrderSort2 (0ms)
			AwakeInstancesAfterBackupRestoration (6ms)
Platform modules already initialized, skipping
========================================================================
Worker process is ready to serve import requests
Launched and connected shader compiler UnityShaderCompiler.exe after 0.06 seconds
Refreshing native plugins compatible for Editor in 1.13 ms, found 4 plugins.
Preloading 0 native plugins for Editor in 0.00 ms.
Unloading 5862 Unused Serialized files (Serialized files now loaded: 0)
Unloading 57 unused Assets / (0.5 MB). Loaded Objects now: 6318.
Memory consumption went from 232.7 MB to 232.2 MB.
Total: 5.475500 ms (FindLiveObjects: 0.551900 ms CreateObjectMapping: 0.670000 ms MarkObjects: 3.920600 ms  DeleteObjects: 0.331900 ms)

AssetImportParameters requested are different than current active one (requested -> active):
  custom:video-decoder-ogg-theora: a1e56fd34408186e4bbccfd4996cb3dc -> 
  custom:container-muxer-webm: aa71ff27fc2769a1b78a27578f13a17b -> 
  custom:container-demuxer-webm: 4f35f7cbe854078d1ac9338744f61a02 -> 
  custom:video-encoder-webm-vp8: eb34c28f22e8b96e1ab97ce403110664 -> 
  custom:audio-encoder-webm-vorbis: bf7c407c2cedff20999df2af8eb42d56 -> 
  custom:framework-win-MediaFoundation: 216162199b28c13a410421893ffa2e32 -> 
  custom:container-demuxer-ogg: 62fdf1f143b41e24485cea50d1cbac27 -> 
  custom:video-decoder-webm-vp8: 9c59270c3fd7afecdb556c50c9e8de78 -> 
  custom:audio-decoder-ogg-vorbis: bf7c407c2cedff20999df2af8eb42d56 -> 
========================================================================
Received Import Request.
  Time since last request: 160322.574369 seconds.
  path: Assets/Animation/lava-frame1.png
  artifactKey: Guid(c69e7118a65b03a46b9cfaad493c4eb2) Importer(815301076,1909f56bfc062723c751e8b465ee728b)
Start importing Assets/Animation/lava-frame1.png using Guid(c69e7118a65b03a46b9cfaad493c4eb2) Importer(815301076,1909f56bfc062723c751e8b465ee728b)  -> (artifact id: 'ce46aeacacc34e0c35c64c8951a6adff') in 0.113106 seconds 
========================================================================
Received Import Request.
  Time since last request: 252.396703 seconds.
  path: Assets/Animation/Lava Animation.anim
  artifactKey: Guid(9439f611f95e1714ea762ca25b3aa259) Importer(815301076,1909f56bfc062723c751e8b465ee728b)
Start importing Assets/Animation/Lava Animation.anim using Guid(9439f611f95e1714ea762ca25b3aa259) Importer(815301076,1909f56bfc062723c751e8b465ee728b)  -> (artifact id: '2ed7a86c8b5f0129dcc0d08d8bd83960') in 0.011057 seconds 
========================================================================
Received Import Request.
  Time since last request: 6.294563 seconds.
  path: Assets/Animation/lava-frame1.controller
  artifactKey: Guid(17b8864e4cdead940913910aa6a371fe) Importer(815301076,1909f56bfc062723c751e8b465ee728b)
Start importing Assets/Animation/lava-frame1.controller using Guid(17b8864e4cdead940913910aa6a371fe) Importer(815301076,1909f56bfc062723c751e8b465ee728b)  -> (artifact id: '04563180935ca5f8760b726cff395a7c') in 0.005907 seconds 
========================================================================
Received Prepare
Registering precompiled user dll's ...
Registered in 0.007824 seconds.
Begin MonoManager ReloadAssembly
Symbol file LoadedFromMemory doesn't match image C:\Users\trey\Documents\Unity\2d movement\Library\PackageCache\com.unity.visualscripting@1.8.0\Editor\VisualScripting.Core\Dependencies\YamlDotNet\Unity.VisualScripting.YamlDotNet.dll
Symbol file LoadedFromMemory doesn't match image C:\Users\trey\Documents\Unity\2d movement\Library\PackageCache\com.unity.visualscripting@1.8.0\Editor\VisualScripting.Core\Dependencies\DotNetZip\Unity.VisualScripting.IonicZip.dll
Native extension for WindowsStandalone target not found
Native extension for WebGL target not found
Refreshing native plugins compatible for Editor in 1.34 ms, found 4 plugins.
Preloading 0 native plugins for Editor in 0.00 ms.
Mono: successfully reloaded assembly
- Completed reload, in  1.455 seconds
Domain Reload Profiling:
	ReloadAssembly (1456ms)
		BeginReloadAssembly (319ms)
			ExecutionOrderSort (0ms)
			DisableScriptedObjects (14ms)
			BackupInstance (0ms)
			ReleaseScriptingObjects (0ms)
			CreateAndSetChildDomain (105ms)
		EndReloadAssembly (1014ms)
			LoadAssemblies (191ms)
			RebuildTransferFunctionScriptingTraits (0ms)
			SetupTypeCache (320ms)
			ReleaseScriptCaches (3ms)
			RebuildScriptCaches (52ms)
			SetupLoadedEditorAssemblies (465ms)
				LogAssemblyErrors (0ms)
				InitializePlatformSupportModulesInManaged (7ms)
				SetLoadedEditorAssemblies (1ms)
				RefreshPlugins (1ms)
				BeforeProcessingInitializeOnLoad (92ms)
				ProcessInitializeOnLoadAttributes (281ms)
				ProcessInitializeOnLoadMethodAttributes (73ms)
				AfterProcessingInitializeOnLoad (9ms)
				EditorAssembliesLoaded (0ms)
			ExecutionOrderSort2 (0ms)
			AwakeInstancesAfterBackupRestoration (8ms)
Platform modules already initialized, skipping
Refreshing native plugins compatible for Editor in 2.84 ms, found 4 plugins.
Preloading 0 native plugins for Editor in 0.00 ms.
Unloading 5716 Unused Serialized files (Serialized files now loaded: 0)
Unloading 30 unused Assets / (494.3 KB). Loaded Objects now: 6340.
Memory consumption went from 229.6 MB to 229.1 MB.
Total: 4.946700 ms (FindLiveObjects: 0.402600 ms CreateObjectMapping: 0.767500 ms MarkObjects: 3.465000 ms  DeleteObjects: 0.310900 ms)

AssetImportParameters requested are different than current active one (requested -> active):
  custom:video-decoder-ogg-theora: a1e56fd34408186e4bbccfd4996cb3dc -> 
  custom:container-muxer-webm: aa71ff27fc2769a1b78a27578f13a17b -> 
  custom:container-demuxer-webm: 4f35f7cbe854078d1ac9338744f61a02 -> 
  custom:video-encoder-webm-vp8: eb34c28f22e8b96e1ab97ce403110664 -> 
  custom:audio-encoder-webm-vorbis: bf7c407c2cedff20999df2af8eb42d56 -> 
  custom:framework-win-MediaFoundation: 216162199b28c13a410421893ffa2e32 -> 
  custom:container-demuxer-ogg: 62fdf1f143b41e24485cea50d1cbac27 -> 
  custom:video-decoder-webm-vp8: 9c59270c3fd7afecdb556c50c9e8de78 -> 
  custom:audio-decoder-ogg-vorbis: bf7c407c2cedff20999df2af8eb42d56 -> 
========================================================================
Received Import Request.
  Time since last request: 3818.140647 seconds.
  path: Assets/Animation/lava-frame1.asset
  artifactKey: Guid(8ee6efde3663164479e530f34a11fc32) Importer(815301076,1909f56bfc062723c751e8b465ee728b)
Start importing Assets/Animation/lava-frame1.asset using Guid(8ee6efde3663164479e530f34a11fc32) Importer(815301076,1909f56bfc062723c751e8b465ee728b)  -> (artifact id: '53699ec5a7abe39d34b6def2a596217b') in 0.661553 seconds 
========================================================================
Received Import Request.
  Time since last request: 107.022449 seconds.
  path: Assets/Animation/lava-frame1.asset
  artifactKey: Guid(8ee6efde3663164479e530f34a11fc32) Importer(815301076,1909f56bfc062723c751e8b465ee728b)
Start importing Assets/Animation/lava-frame1.asset using Guid(8ee6efde3663164479e530f34a11fc32) Importer(815301076,1909f56bfc062723c751e8b465ee728b)  -> (artifact id: 'ad007c0447adf8e896d877c353b33a08') in 0.006453 seconds 
========================================================================
Received Import Request.
  Time since last request: 1258.200938 seconds.
  path: Assets/Animation/lava-frame1.png
  artifactKey: Guid(c69e7118a65b03a46b9cfaad493c4eb2) Importer(815301076,1909f56bfc062723c751e8b465ee728b)
Start importing Assets/Animation/lava-frame1.png using Guid(c69e7118a65b03a46b9cfaad493c4eb2) Importer(815301076,1909f56bfc062723c751e8b465ee728b)  -> (artifact id: '81c100e04da81b6a611d7774478399bb') in 0.094283 seconds 
========================================================================
Received Import Request.
  Time since last request: 11.385532 seconds.
  path: Assets/lava 1.png
  artifactKey: Guid(ffac467ec0fcd6d4185abf6571567325) Importer(815301076,1909f56bfc062723c751e8b465ee728b)
Start importing Assets/lava 1.png using Guid(ffac467ec0fcd6d4185abf6571567325) Importer(815301076,1909f56bfc062723c751e8b465ee728b)  -> (artifact id: '57a59ae5e7afdbe5c52d701480c2bf96') in 0.013390 seconds 
========================================================================
Received Import Request.
  Time since last request: 14.882561 seconds.
  path: Assets/Lava Tile.png
  artifactKey: Guid(ffac467ec0fcd6d4185abf6571567325) Importer(815301076,1909f56bfc062723c751e8b465ee728b)
Start importing Assets/Lava Tile.png using Guid(ffac467ec0fcd6d4185abf6571567325) Importer(815301076,1909f56bfc062723c751e8b465ee728b)  -> (artifact id: 'ba67a9517cb506182dc03b70aa201d74') in 0.012125 seconds 
========================================================================
Received Import Request.
  Time since last request: 15.352600 seconds.
  path: Assets/Lava Tile.png
  artifactKey: Guid(ffac467ec0fcd6d4185abf6571567325) Importer(815301076,1909f56bfc062723c751e8b465ee728b)
Start importing Assets/Lava Tile.png using Guid(ffac467ec0fcd6d4185abf6571567325) Importer(815301076,1909f56bfc062723c751e8b465ee728b)  -> (artifact id: '400ffbdf75765736edcda6ae262573d2') in 0.009277 seconds 
========================================================================
Received Import Request.
  Time since last request: 40.324353 seconds.
  path: Assets/Lava Tile.png
  artifactKey: Guid(ffac467ec0fcd6d4185abf6571567325) Importer(815301076,1909f56bfc062723c751e8b465ee728b)
Start importing Assets/Lava Tile.png using Guid(ffac467ec0fcd6d4185abf6571567325) Importer(815301076,1909f56bfc062723c751e8b465ee728b)  -> (artifact id: '1d4cc3afe1b8b8de8b53d5fd49fc0a56') in 0.091515 seconds 
========================================================================
Received Import Request.
  Time since last request: 328.991973 seconds.
  path: Assets/Prefabs
  artifactKey: Guid(18fb63a36ccc40e40b640450f89e5d52) Importer(815301076,1909f56bfc062723c751e8b465ee728b)
Start importing Assets/Prefabs using Guid(18fb63a36ccc40e40b640450f89e5d52) Importer(815301076,1909f56bfc062723c751e8b465ee728b)  -> (artifact id: 'f26b4ed7458b38250cc41049d77c8bf5') in 0.009255 seconds 
========================================================================
Received Import Request.
  Time since last request: 0.075582 seconds.
  path: Assets/Prefabs/Goal.prefab
  artifactKey: Guid(4ddf9be3984193a4da6bcbd9cbc33b5e) Importer(815301076,1909f56bfc062723c751e8b465ee728b)
Start importing Assets/Prefabs/Goal.prefab using Guid(4ddf9be3984193a4da6bcbd9cbc33b5e) Importer(815301076,1909f56bfc062723c751e8b465ee728b)  -> (artifact id: 'bd5ea1dbab7d48f0a85f89d2bbc12fab') in 0.518107 seconds 
========================================================================
Received Import Request.
  Time since last request: 4.010007 seconds.
  path: Assets/Prefabs/lava-frame1.prefab
  artifactKey: Guid(0b9542d4b1eb16444bd59db44c174fd2) Importer(815301076,1909f56bfc062723c751e8b465ee728b)
Start importing Assets/Prefabs/lava-frame1.prefab using Guid(0b9542d4b1eb16444bd59db44c174fd2) Importer(815301076,1909f56bfc062723c751e8b465ee728b)  -> (artifact id: '59f9e14a888373c28cf8c2c5a5c8c4b8') in 0.061350 seconds 
========================================================================
Received Import Request.
  Time since last request: 7.871410 seconds.
  path: Assets/Prefabs/lavaAnimation.prefab
  artifactKey: Guid(0b9542d4b1eb16444bd59db44c174fd2) Importer(815301076,1909f56bfc062723c751e8b465ee728b)
Start importing Assets/Prefabs/lavaAnimation.prefab using Guid(0b9542d4b1eb16444bd59db44c174fd2) Importer(815301076,1909f56bfc062723c751e8b465ee728b)  -> (artifact id: '6fbc4d5c60b6abfe89a0636e0dd5dc5d') in 0.018001 seconds 
========================================================================
Received Import Request.
  Time since last request: 10.242231 seconds.
  path: Assets/Prefabs/Lava Animation.prefab
  artifactKey: Guid(0b9542d4b1eb16444bd59db44c174fd2) Importer(815301076,1909f56bfc062723c751e8b465ee728b)
Start importing Assets/Prefabs/Lava Animation.prefab using Guid(0b9542d4b1eb16444bd59db44c174fd2) Importer(815301076,1909f56bfc062723c751e8b465ee728b)  -> (artifact id: 'd420aedaa5fae84dbcb3138907c01265') in 0.018095 seconds 
========================================================================
Received Prepare
Registering precompiled user dll's ...
Registered in 0.006730 seconds.
Begin MonoManager ReloadAssembly
Symbol file LoadedFromMemory doesn't match image C:\Users\trey\Documents\Unity\2d movement\Library\PackageCache\com.unity.visualscripting@1.8.0\Editor\VisualScripting.Core\Dependencies\YamlDotNet\Unity.VisualScripting.YamlDotNet.dll
Symbol file LoadedFromMemory doesn't match image C:\Users\trey\Documents\Unity\2d movement\Library\PackageCache\com.unity.visualscripting@1.8.0\Editor\VisualScripting.Core\Dependencies\DotNetZip\Unity.VisualScripting.IonicZip.dll
Native extension for WindowsStandalone target not found
Native extension for WebGL target not found
Refreshing native plugins compatible for Editor in 1.80 ms, found 4 plugins.
Preloading 0 native plugins for Editor in 0.00 ms.
Mono: successfully reloaded assembly
- Completed reload, in  1.385 seconds
Domain Reload Profiling:
	ReloadAssembly (1385ms)
		BeginReloadAssembly (342ms)
			ExecutionOrderSort (0ms)
			DisableScriptedObjects (20ms)
			BackupInstance (0ms)
			ReleaseScriptingObjects (0ms)
			CreateAndSetChildDomain (193ms)
		EndReloadAssembly (948ms)
			LoadAssemblies (117ms)
			RebuildTransferFunctionScriptingTraits (0ms)
			SetupTypeCache (267ms)
			ReleaseScriptCaches (2ms)
			RebuildScriptCaches (47ms)
			SetupLoadedEditorAssemblies (463ms)
				LogAssemblyErrors (0ms)
				InitializePlatformSupportModulesInManaged (7ms)
				SetLoadedEditorAssemblies (1ms)
				RefreshPlugins (2ms)
				BeforeProcessingInitializeOnLoad (91ms)
				ProcessInitializeOnLoadAttributes (280ms)
				ProcessInitializeOnLoadMethodAttributes (73ms)
				AfterProcessingInitializeOnLoad (8ms)
				EditorAssembliesLoaded (2ms)
			ExecutionOrderSort2 (0ms)
			AwakeInstancesAfterBackupRestoration (12ms)
Platform modules already initialized, skipping
Refreshing native plugins compatible for Editor in 3.06 ms, found 4 plugins.
Preloading 0 native plugins for Editor in 0.00 ms.
Unloading 5723 Unused Serialized files (Serialized files now loaded: 0)
Unloading 30 unused Assets / (487.4 KB). Loaded Objects now: 6407.
Memory consumption went from 232.8 MB to 232.4 MB.
Total: 6.266300 ms (FindLiveObjects: 0.481600 ms CreateObjectMapping: 0.164200 ms MarkObjects: 5.062400 ms  DeleteObjects: 0.556900 ms)

AssetImportParameters requested are different than current active one (requested -> active):
  custom:video-decoder-ogg-theora: a1e56fd34408186e4bbccfd4996cb3dc -> 
  custom:container-muxer-webm: aa71ff27fc2769a1b78a27578f13a17b -> 
  custom:container-demuxer-webm: 4f35f7cbe854078d1ac9338744f61a02 -> 
  custom:video-encoder-webm-vp8: eb34c28f22e8b96e1ab97ce403110664 -> 
  custom:audio-encoder-webm-vorbis: bf7c407c2cedff20999df2af8eb42d56 -> 
  custom:framework-win-MediaFoundation: 216162199b28c13a410421893ffa2e32 -> 
  custom:container-demuxer-ogg: 62fdf1f143b41e24485cea50d1cbac27 -> 
  custom:video-decoder-webm-vp8: 9c59270c3fd7afecdb556c50c9e8de78 -> 
  custom:audio-decoder-ogg-vorbis: bf7c407c2cedff20999df2af8eb42d56 -> 
